2021-07-14 14:28:22.570 | INFO     | __main__:more_line:952 - someline启动线程
2021-07-14 14:28:22.570 | INFO     | __main__:read_yaml:68 - 读取yaml文件--》read_yaml
2021-07-14 14:28:22.603 | INFO     | __main__:read_yaml:71 - yaml文件读取成功，返回数据：[{'test_case01': {'filename': '基本呼叫场景测试', 'test_name': '基本呼叫', 'address': {'l1': ['成都市双流区华阳镇街道新希望大道59号华阳滨河花园', '成都市双流区华府大道一段6号左岸花都', '成都市武侯区高新区益州大道中段1918号嘉祥瑞庭南城', '成都市武侯区南华路1616号建发·天府鹭洲'], 'l2': ['成都市武侯区盛邦街333号中海兰庭', '成都市武侯区天府一街1339号凯德世纪名邸', '成都市双流区航空港黄荆路3号和贵馨城', '成都市武侯区石羊场路555号金房·大榕湾'], 'l3': ['四川省成都市金牛区九里堤中路301号天彩菁华', '四川省成都市金牛区九里堤星科北街66号九里堤青少年宫', '四川省成都市金牛区九里堤聚贤半岛花苑聚贤半岛花苑', '四川省成都市金牛区九里堤星科路3号成都市金牛区人民检察院']}, 'testdate': {'t1': '2021-7-1', 't2': '2021-7-2', 't3': None}}}, {'test_case02': {'filename': '无线重载场景测试', 'test_name': '无线重载', 'address': {'l1': ['成都市武侯区泰和二街333号中海·翠屏湾', '成都市武侯区盛和二路168号桐梓林壹号', '成都市高新技术开发区新乐中街280号恩威玲珑南域', '成都市武侯区玉林南路64号玉林苑'], 'l2': ['成都市武侯区芳草街6号王府花园', '成都市成华区猛追湾横街188号世茂·玉锦湾', '成都市金牛区马家花园路16号中铁鹭岛艺术城', '成都市金牛区金沙路169号现代城'], 'l3': ['成都市金牛区九里堤中路301号天彩菁华', '成都市金牛区新泉路33号兴元绿洲', '成都市金牛区汇泽路2号泉水人家', '成都市新都区大成路南段768号凤凰傲城']}, 'testdate': {'t1': '2021-7-5', 't2': '2021-7-6', 't3': '2021-7-7'}}}, {'test_case03': {'filename': '网络切换场景测试', 'test_name': '网络切换', 'address': {'l1': ['成都市金牛区天龙南三路316号碧桂园城市花园', '成都市金牛区天泽路383号中南海棠集', '成都市金牛区天龙桥西街108号众合北尚', '成都市金牛区翠微路89号银杏苑A区'], 'l2': ['成都市新都区叠秀路108号蝴蝶谷西区', '成都市成华区荆翠东路50号翠屏北里', '成都市成华区荆竹东路与东荆路交汇处东南首创光和城', '成都市成华区青龙路527号东林景忆'], 'l3': ['成都市成华区二环路北四段3号永立·星城都', '成都市成华区二环路东一段28号瀚林花园', '成都市成华区建设南新路5号欣苑', '成都市锦江区海椒市东街43号东方桂苑']}, 'testdate': {'t1': '2021-7-8', 't2': '2021-7-9', 't3': '2021-7-12'}}}, {'test_case04': {'filename': '无线弱覆盖场景测试', 'test_name': '无线弱覆盖', 'address': {'l1': ['成都市锦江区三官堂街1号瑞升望江橡树林', '成都市锦江区观音桥街22号交大·绿岭', '成都市锦江区静安路1号万科城市花园', '成都市锦江区琉璃路1233号紫东锦源'], 'l2': ['成都市锦江区科创路501号龙光·天悦龙庭', '成都市锦江区环岛路1200号复地金融岛', '成都市武侯区益州大道中段699号香月湖', '成都市武侯区剑南大道中段1533号佳年华·时代晶座'], 'l3': ['成都市双流区劝学路81号枫桥映月', '成都市双流区和顺路一段92号清河庭苑', '成都市双流区华阳街道祥鹤三街758号中海锦江1号', '成都市双流区荷韵二街29号荷韵佳苑C区']}, 'testdate': {'t1': '2021-7-13', 't2': '2021-7-14', 't3': '2021-7-15'}}}, {'test_case05': {'filename': '异常操作场景（被叫早拆线）测试', 'test_name': '被叫早拆线', 'address': {'l1': ['成都市双流区三强北路二段88号锦绣华都东区', '成都市温江区温江温泉大道三段399号花样年·花样城', '成都市温江区凤翔大道南段2033号恒大新城', '成都市武侯区金履四路58号玲珑郡'], 'l2': ['成都市高新西区百草路366号萃峰国际', '成都市郫都区犀安路38号蓝光·幸福满庭', '成都市郫都区港通北一路567号西郡英华', '成都市新都区毗河东路6号万科·双水岸'], 'l3': []}, 'testdate': {'t1': '2021-7-16', 't2': '2021-7-19', 't3': None}}}, {'test_case06': {'filename': '异常操作场景（被叫早摘机）测试', 'test_name': '被叫早摘机', 'address': {'l1': ['成都市龙泉驿区金槐街258号融创天府逸家', '成都市龙泉驿区银河路118号恒大绿洲', '成都市双流区麓山大道2段19号成都雅居乐花园', '成都市双流区天府大道南段2599号蔚蓝卡地亚'], 'l2': ['成都市双流区正兴街道正公路33号建发·浅水湾', '成都市武侯区新光路8号银都花园', '成都市武侯区高新区紫荆东路96号紫竹苑', '成都市武侯区丽都路511号中粮·香颂丽都'], 'l3': []}, 'testdate': {'t1': '2021-7-20', 't2': '2021-7-21'}}}, {'test_case07': {'filename': '异常操作场景（呼叫等待）测试', 'test_name': '呼叫等待', 'address': {'l1': ['成都市武侯区丽都路700号中环丰锦', '成都市武侯区太平园东三街74号新界4期', '成都市武侯区武侯大道祥云路1169号红帆·蓝调', '成都市武侯区武侯大道果堰路1号金辉枫尚'], 'l2': ['成都市武侯区永康路239号 金茂·诚品上院', '成都市武侯区金川路9号映月大家', '成都市武侯区风馨巷61号温馨家园', '成都市青羊区光华西二路126号光华碧邻'], 'l3': ['成都市青羊区导航路914号正成·艺墅洋房', '成都市青羊区福庆路83号幸福里小区', '成都市青羊区文乐二路18号心愿花园', '成都市温江区永宁街道开金路999号清溪·玫瑰园']}, 'testdate': {'t1': '2021-7-22', 't2': '2021-7-23', 't3': '2021-7-26'}}}, {'test_case08': {'name': '数据统计工作', 'testdate': {'t1': None}}}, {'test_case09': {'name': '数据分析工作', 'testdate': {'t1': None}}}, {'test_case10': {'name': '优化实施建议工作', 'testdate': {'t1': None}}}]
2021-07-14 14:28:22.606 | INFO     | __main__:set_testname_list:189 - 测试用例集为：['test_case01', 'test_case02', 'test_case03', 'test_case04', 'test_case05', 'test_case06', 'test_case07', 'test_case08', 'test_case09', 'test_case10']
2021-07-14 14:28:22.607 | INFO     | __main__:more_line:958 - 第1次循环执行test_case01用例
2021-07-14 14:28:22.607 | INFO     | __main__:more_line:960 - 没有测试地址，跳过
2021-07-14 14:28:22.608 | INFO     | __main__:more_line:958 - 第2次循环执行test_case02用例
2021-07-14 14:28:22.608 | INFO     | __main__:more_line:960 - 没有测试地址，跳过
2021-07-14 14:28:22.609 | INFO     | __main__:more_line:958 - 第3次循环执行test_case03用例
2021-07-14 14:28:22.609 | INFO     | __main__:more_line:960 - 没有测试地址，跳过
2021-07-14 14:28:22.610 | INFO     | __main__:more_line:958 - 第4次循环执行test_case04用例
2021-07-14 14:28:22.610 | INFO     | __main__:more_line:960 - 没有测试地址，跳过
2021-07-14 14:28:22.610 | INFO     | __main__:more_line:958 - 第5次循环执行test_case05用例
2021-07-14 14:28:22.611 | INFO     | __main__:more_line:960 - 没有测试地址，跳过
2021-07-14 14:28:22.611 | INFO     | __main__:more_line:958 - 第6次循环执行test_case06用例
2021-07-14 14:28:22.612 | INFO     | __main__:more_line:960 - 没有测试地址，跳过
2021-07-14 14:28:22.612 | INFO     | __main__:more_line:958 - 第7次循环执行test_case07用例
2021-07-14 14:28:22.613 | INFO     | __main__:more_line:960 - 没有测试地址，跳过
2021-07-14 14:28:22.613 | INFO     | __main__:more_line:958 - 第8次循环执行test_case08用例
2021-07-14 14:28:22.613 | INFO     | __main__:more_line:960 - 没有测试地址，跳过
2021-07-14 14:28:22.614 | INFO     | __main__:more_line:958 - 第9次循环执行test_case09用例
2021-07-14 14:28:22.614 | INFO     | __main__:more_line:960 - 没有测试地址，跳过
2021-07-14 14:28:22.615 | INFO     | __main__:more_line:958 - 第10次循环执行test_case10用例
2021-07-14 14:28:22.615 | INFO     | __main__:more_line:960 - 没有测试地址，跳过
2021-07-14 14:28:22.616 | INFO     | __main__:more_line:973 - 本次程序运行开始时间为：14:28:22,结束时间为：14:28:22
